{
  "Cucumber Features": {
    "coverage": {
      "/home/codio/workspace/noir-town-js/app/controllers/tunes_controller.rb": {
        "lines": [
          1,
          1,
          null,
          null,
          1,
          null,
          29,
          29,
          29,
          29,
          null,
          null,
          29,
          29,
          29,
          29,
          29,
          null,
          2,
          null,
          2,
          null,
          2,
          null,
          null,
          null,
          null,
          1,
          6,
          null,
          null,
          null,
          1,
          null,
          null,
          null,
          1,
          2,
          null,
          null,
          null,
          1,
          null,
          null,
          null,
          1,
          2,
          null,
          2,
          1,
          null,
          1,
          null,
          null,
          null,
          null,
          1,
          1,
          1,
          null,
          0,
          null,
          null,
          null,
          null,
          1,
          1,
          1,
          1,
          null,
          null,
          null,
          1,
          2,
          2,
          null,
          2,
          1,
          null,
          1,
          null,
          null,
          null,
          1,
          1,
          9,
          null,
          1,
          3,
          null,
          null
        ]
      },
      "/home/codio/workspace/noir-town-js/app/controllers/application_controller.rb": {
        "lines": [
          1,
          1,
          null
        ]
      },
      "/home/codio/workspace/noir-town-js/app/helpers/application_helper.rb": {
        "lines": [
          1,
          null
        ]
      },
      "/home/codio/workspace/noir-town-js/app/helpers/tunes_helper.rb": {
        "lines": [
          1,
          null
        ]
      },
      "/home/codio/workspace/noir-town-js/app/models/tune.rb": {
        "lines": [
          1,
          1,
          null,
          null,
          1,
          1,
          null,
          null
        ]
      }
    },
    "timestamp": 1620175815
  },
  "RSpec": {
    "coverage": {
      "/home/codio/workspace/noir-town-js/app/helpers/application_helper.rb": {
        "lines": [
          1,
          null
        ]
      },
      "/home/codio/workspace/noir-town-js/app/helpers/tunes_helper.rb": {
        "lines": [
          1,
          null
        ]
      },
      "/home/codio/workspace/noir-town-js/app/controllers/tunes_controller.rb": {
        "lines": [
          1,
          1,
          null,
          null,
          1,
          null,
          4,
          4,
          4,
          4,
          null,
          null,
          4,
          4,
          4,
          4,
          4,
          null,
          1,
          null,
          1,
          null,
          1,
          null,
          null,
          null,
          null,
          1,
          6,
          null,
          null,
          null,
          1,
          null,
          null,
          null,
          1,
          1,
          null,
          null,
          null,
          1,
          null,
          null,
          null,
          1,
          3,
          null,
          3,
          3,
          null,
          0,
          null,
          null,
          null,
          null,
          1,
          3,
          3,
          null,
          0,
          null,
          null,
          null,
          null,
          1,
          2,
          2,
          2,
          null,
          null,
          null,
          1,
          2,
          2,
          null,
          2,
          1,
          null,
          1,
          null,
          null,
          null,
          1,
          1,
          7,
          null,
          1,
          6,
          null,
          null
        ]
      },
      "/home/codio/workspace/noir-town-js/app/controllers/application_controller.rb": {
        "lines": [
          1,
          1,
          null
        ]
      },
      "/home/codio/workspace/noir-town-js/app/models/tune.rb": {
        "lines": [
          1,
          1,
          null,
          null,
          1,
          1,
          null,
          null
        ]
      }
    },
    "timestamp": 1620175785
  }
}
